<?xml version="1.0" encoding="UTF-8"?>
<!-- Generated by org.testng.reporters.JUnitXMLReporter -->
<testsuite hostname="PRINHYLTPHP0059" ignored="0" name="Command line test" tests="9" failures="0" timestamp="2020-01-09T11:03:03 IST" time="16.818" errors="0">
  <testcase name="enteringData1" time="1.992" classname="com.manish.SavvySearchTest"/>
  <testcase name="enteringData2" time="2.138" classname="com.manish.SavvySearchTest"/>
  <testcase name="dateCheck" time="2.287" classname="com.manish.SavvySearchTest"/>
  <testcase name="diffDate" time="0.146" classname="com.manish.SavvySearchTest"/>
  <testcase name="scrollTest" time="0.542" classname="com.manish.SavvySearchTest"/>
  <testcase name="scrollTest1" time="0.498" classname="com.manish.SavvySearchTest"/>
  <testcase name="swapTest" time="1.403" classname="com.manish.SavvySearchTest"/>
  <testcase name="deleteCheck" time="1.49" classname="com.manish.SavvySearchTest"/>
  <testcase name="permaLinkTest" time="0.173" classname="com.manish.SavvySearchTest"/>
</testsuite> <!-- Command line test -->
